C:\USERS\SAMAR\ONEDRIVE\DOCUMENTS\VISUAL STUDIO 2010\PROJECTS\MYLIBRARYAPP\DEBUG\MYLIBRARYAPP.EXE
C:\USERS\SAMAR\ONEDRIVE\DOCUMENTS\VISUAL STUDIO 2010\PROJECTS\MYLIBRARYAPP\DEBUG\MYLIBRARYAPP.ILK
C:\USERS\SAMAR\ONEDRIVE\DOCUMENTS\VISUAL STUDIO 2010\PROJECTS\MYLIBRARYAPP\DEBUG\MYLIBRARYAPP.PDB
C:\USERS\SAMAR\ONEDRIVE\DOCUMENTS\VISUAL STUDIO 2010\PROJECTS\MYLIBRARYAPP\MYLIBRARYAPP\DEBUG\.NETFRAMEWORK,VERSION=V4.0.ASSEMBLYATTRIBUTES.OBJ
C:\USERS\SAMAR\ONEDRIVE\DOCUMENTS\VISUAL STUDIO 2010\PROJECTS\MYLIBRARYAPP\MYLIBRARYAPP\DEBUG\APP.RES
C:\USERS\SAMAR\ONEDRIVE\DOCUMENTS\VISUAL STUDIO 2010\PROJECTS\MYLIBRARYAPP\MYLIBRARYAPP\DEBUG\ASSEMBLYINFO.OBJ
C:\Users\samar\OneDrive\Documents\Visual Studio 2010\Projects\MyLibraryApp\MyLibraryApp\Debug\cl.command.1.tlog
C:\Users\samar\OneDrive\Documents\Visual Studio 2010\Projects\MyLibraryApp\MyLibraryApp\Debug\CL.read.1.tlog
C:\Users\samar\OneDrive\Documents\Visual Studio 2010\Projects\MyLibraryApp\MyLibraryApp\Debug\CL.write.1.tlog
C:\USERS\SAMAR\ONEDRIVE\DOCUMENTS\VISUAL STUDIO 2010\PROJECTS\MYLIBRARYAPP\MYLIBRARYAPP\DEBUG\FORM2.OBJ
C:\USERS\SAMAR\ONEDRIVE\DOCUMENTS\VISUAL STUDIO 2010\PROJECTS\MYLIBRARYAPP\MYLIBRARYAPP\DEBUG\FORM31.OBJ
C:\Users\samar\OneDrive\Documents\Visual Studio 2010\Projects\MyLibraryApp\MyLibraryApp\Debug\link.1044.read.1.tlog
C:\Users\samar\OneDrive\Documents\Visual Studio 2010\Projects\MyLibraryApp\MyLibraryApp\Debug\link.1044.write.1.tlog
C:\Users\samar\OneDrive\Documents\Visual Studio 2010\Projects\MyLibraryApp\MyLibraryApp\Debug\link.1044-cvtres.read.1.tlog
C:\Users\samar\OneDrive\Documents\Visual Studio 2010\Projects\MyLibraryApp\MyLibraryApp\Debug\link.1044-cvtres.write.1.tlog
C:\Users\samar\OneDrive\Documents\Visual Studio 2010\Projects\MyLibraryApp\MyLibraryApp\Debug\link.12864.read.1.tlog
C:\Users\samar\OneDrive\Documents\Visual Studio 2010\Projects\MyLibraryApp\MyLibraryApp\Debug\link.12864.write.1.tlog
C:\Users\samar\OneDrive\Documents\Visual Studio 2010\Projects\MyLibraryApp\MyLibraryApp\Debug\link.12864-cvtres.read.1.tlog
C:\Users\samar\OneDrive\Documents\Visual Studio 2010\Projects\MyLibraryApp\MyLibraryApp\Debug\link.12864-cvtres.write.1.tlog
C:\Users\samar\OneDrive\Documents\Visual Studio 2010\Projects\MyLibraryApp\MyLibraryApp\Debug\link.13028.read.1.tlog
C:\Users\samar\OneDrive\Documents\Visual Studio 2010\Projects\MyLibraryApp\MyLibraryApp\Debug\link.13028.write.1.tlog
C:\Users\samar\OneDrive\Documents\Visual Studio 2010\Projects\MyLibraryApp\MyLibraryApp\Debug\link.13028-cvtres.read.1.tlog
C:\Users\samar\OneDrive\Documents\Visual Studio 2010\Projects\MyLibraryApp\MyLibraryApp\Debug\link.13028-cvtres.write.1.tlog
C:\Users\samar\OneDrive\Documents\Visual Studio 2010\Projects\MyLibraryApp\MyLibraryApp\Debug\link.13088.read.1.tlog
C:\Users\samar\OneDrive\Documents\Visual Studio 2010\Projects\MyLibraryApp\MyLibraryApp\Debug\link.13088.write.1.tlog
C:\Users\samar\OneDrive\Documents\Visual Studio 2010\Projects\MyLibraryApp\MyLibraryApp\Debug\link.13088-cvtres.read.1.tlog
C:\Users\samar\OneDrive\Documents\Visual Studio 2010\Projects\MyLibraryApp\MyLibraryApp\Debug\link.13088-cvtres.write.1.tlog
C:\Users\samar\OneDrive\Documents\Visual Studio 2010\Projects\MyLibraryApp\MyLibraryApp\Debug\link.1332.read.1.tlog
C:\Users\samar\OneDrive\Documents\Visual Studio 2010\Projects\MyLibraryApp\MyLibraryApp\Debug\link.1332.write.1.tlog
C:\Users\samar\OneDrive\Documents\Visual Studio 2010\Projects\MyLibraryApp\MyLibraryApp\Debug\link.1332-cvtres.read.1.tlog
C:\Users\samar\OneDrive\Documents\Visual Studio 2010\Projects\MyLibraryApp\MyLibraryApp\Debug\link.1332-cvtres.write.1.tlog
C:\Users\samar\OneDrive\Documents\Visual Studio 2010\Projects\MyLibraryApp\MyLibraryApp\Debug\link.1372.read.1.tlog
C:\Users\samar\OneDrive\Documents\Visual Studio 2010\Projects\MyLibraryApp\MyLibraryApp\Debug\link.1372.write.1.tlog
C:\Users\samar\OneDrive\Documents\Visual Studio 2010\Projects\MyLibraryApp\MyLibraryApp\Debug\link.1372-cvtres.read.1.tlog
C:\Users\samar\OneDrive\Documents\Visual Studio 2010\Projects\MyLibraryApp\MyLibraryApp\Debug\link.1372-cvtres.write.1.tlog
C:\Users\samar\OneDrive\Documents\Visual Studio 2010\Projects\MyLibraryApp\MyLibraryApp\Debug\link.14444.read.1.tlog
C:\Users\samar\OneDrive\Documents\Visual Studio 2010\Projects\MyLibraryApp\MyLibraryApp\Debug\link.14444.write.1.tlog
C:\Users\samar\OneDrive\Documents\Visual Studio 2010\Projects\MyLibraryApp\MyLibraryApp\Debug\link.14444-cvtres.read.1.tlog
C:\Users\samar\OneDrive\Documents\Visual Studio 2010\Projects\MyLibraryApp\MyLibraryApp\Debug\link.14444-cvtres.write.1.tlog
C:\Users\samar\OneDrive\Documents\Visual Studio 2010\Projects\MyLibraryApp\MyLibraryApp\Debug\link.1468.read.1.tlog
C:\Users\samar\OneDrive\Documents\Visual Studio 2010\Projects\MyLibraryApp\MyLibraryApp\Debug\link.1468.write.1.tlog
C:\Users\samar\OneDrive\Documents\Visual Studio 2010\Projects\MyLibraryApp\MyLibraryApp\Debug\link.1468-cvtres.read.1.tlog
C:\Users\samar\OneDrive\Documents\Visual Studio 2010\Projects\MyLibraryApp\MyLibraryApp\Debug\link.1468-cvtres.write.1.tlog
C:\Users\samar\OneDrive\Documents\Visual Studio 2010\Projects\MyLibraryApp\MyLibraryApp\Debug\link.14736.read.1.tlog
C:\Users\samar\OneDrive\Documents\Visual Studio 2010\Projects\MyLibraryApp\MyLibraryApp\Debug\link.14736.write.1.tlog
C:\Users\samar\OneDrive\Documents\Visual Studio 2010\Projects\MyLibraryApp\MyLibraryApp\Debug\link.14736-cvtres.read.1.tlog
C:\Users\samar\OneDrive\Documents\Visual Studio 2010\Projects\MyLibraryApp\MyLibraryApp\Debug\link.14736-cvtres.write.1.tlog
C:\Users\samar\OneDrive\Documents\Visual Studio 2010\Projects\MyLibraryApp\MyLibraryApp\Debug\link.3228.read.1.tlog
C:\Users\samar\OneDrive\Documents\Visual Studio 2010\Projects\MyLibraryApp\MyLibraryApp\Debug\link.3228.write.1.tlog
C:\Users\samar\OneDrive\Documents\Visual Studio 2010\Projects\MyLibraryApp\MyLibraryApp\Debug\link.3228-cvtres.read.1.tlog
C:\Users\samar\OneDrive\Documents\Visual Studio 2010\Projects\MyLibraryApp\MyLibraryApp\Debug\link.3228-cvtres.write.1.tlog
C:\Users\samar\OneDrive\Documents\Visual Studio 2010\Projects\MyLibraryApp\MyLibraryApp\Debug\link.3744.read.1.tlog
C:\Users\samar\OneDrive\Documents\Visual Studio 2010\Projects\MyLibraryApp\MyLibraryApp\Debug\link.3744.write.1.tlog
C:\Users\samar\OneDrive\Documents\Visual Studio 2010\Projects\MyLibraryApp\MyLibraryApp\Debug\link.3744-cvtres.read.1.tlog
C:\Users\samar\OneDrive\Documents\Visual Studio 2010\Projects\MyLibraryApp\MyLibraryApp\Debug\link.3744-cvtres.write.1.tlog
C:\Users\samar\OneDrive\Documents\Visual Studio 2010\Projects\MyLibraryApp\MyLibraryApp\Debug\link.5076.read.1.tlog
C:\Users\samar\OneDrive\Documents\Visual Studio 2010\Projects\MyLibraryApp\MyLibraryApp\Debug\link.5076.write.1.tlog
C:\Users\samar\OneDrive\Documents\Visual Studio 2010\Projects\MyLibraryApp\MyLibraryApp\Debug\link.5076-cvtres.read.1.tlog
C:\Users\samar\OneDrive\Documents\Visual Studio 2010\Projects\MyLibraryApp\MyLibraryApp\Debug\link.5076-cvtres.write.1.tlog
C:\Users\samar\OneDrive\Documents\Visual Studio 2010\Projects\MyLibraryApp\MyLibraryApp\Debug\link.7152.read.1.tlog
C:\Users\samar\OneDrive\Documents\Visual Studio 2010\Projects\MyLibraryApp\MyLibraryApp\Debug\link.7152.write.1.tlog
C:\Users\samar\OneDrive\Documents\Visual Studio 2010\Projects\MyLibraryApp\MyLibraryApp\Debug\link.7152-cvtres.read.1.tlog
C:\Users\samar\OneDrive\Documents\Visual Studio 2010\Projects\MyLibraryApp\MyLibraryApp\Debug\link.7152-cvtres.write.1.tlog
C:\Users\samar\OneDrive\Documents\Visual Studio 2010\Projects\MyLibraryApp\MyLibraryApp\Debug\link.command.1.tlog
C:\Users\samar\OneDrive\Documents\Visual Studio 2010\Projects\MyLibraryApp\MyLibraryApp\Debug\link.read.1.tlog
C:\Users\samar\OneDrive\Documents\Visual Studio 2010\Projects\MyLibraryApp\MyLibraryApp\Debug\link.write.1.tlog
C:\Users\samar\OneDrive\Documents\Visual Studio 2010\Projects\MyLibraryApp\MyLibraryApp\Debug\mt.command.1.tlog
C:\Users\samar\OneDrive\Documents\Visual Studio 2010\Projects\MyLibraryApp\MyLibraryApp\Debug\mt.read.1.tlog
C:\Users\samar\OneDrive\Documents\Visual Studio 2010\Projects\MyLibraryApp\MyLibraryApp\Debug\mt.write.1.tlog
C:\USERS\SAMAR\ONEDRIVE\DOCUMENTS\VISUAL STUDIO 2010\PROJECTS\MYLIBRARYAPP\MYLIBRARYAPP\DEBUG\MYLIBRARYAPP.EXE.INTERMEDIATE.MANIFEST
C:\Users\samar\OneDrive\Documents\Visual Studio 2010\Projects\MyLibraryApp\MyLibraryApp\Debug\MyLibraryApp.Form1.resources
C:\Users\samar\OneDrive\Documents\Visual Studio 2010\Projects\MyLibraryApp\MyLibraryApp\Debug\MyLibraryApp.Form2.resources
C:\Users\samar\OneDrive\Documents\Visual Studio 2010\Projects\MyLibraryApp\MyLibraryApp\Debug\MyLibraryApp.Form31.resources
C:\USERS\SAMAR\ONEDRIVE\DOCUMENTS\VISUAL STUDIO 2010\PROJECTS\MYLIBRARYAPP\MYLIBRARYAPP\DEBUG\MYLIBRARYAPP.OBJ
C:\USERS\SAMAR\ONEDRIVE\DOCUMENTS\VISUAL STUDIO 2010\PROJECTS\MYLIBRARYAPP\MYLIBRARYAPP\DEBUG\MYLIBRARYAPP.PCH
C:\Users\samar\OneDrive\Documents\Visual Studio 2010\Projects\MyLibraryApp\MyLibraryApp\Debug\MyLibraryApp.vcxproj.GenerateResource.Cache
C:\Users\samar\OneDrive\Documents\Visual Studio 2010\Projects\MyLibraryApp\MyLibraryApp\Debug\MyLibraryApp.vcxprojResolveAssemblyReference.cache
C:\Users\samar\OneDrive\Documents\Visual Studio 2010\Projects\MyLibraryApp\MyLibraryApp\Debug\MyLibraryApp.write.1.tlog
C:\USERS\SAMAR\ONEDRIVE\DOCUMENTS\VISUAL STUDIO 2010\PROJECTS\MYLIBRARYAPP\MYLIBRARYAPP\DEBUG\OTHER.OBJ
C:\Users\samar\OneDrive\Documents\Visual Studio 2010\Projects\MyLibraryApp\MyLibraryApp\Debug\rc.command.1.tlog
C:\Users\samar\OneDrive\Documents\Visual Studio 2010\Projects\MyLibraryApp\MyLibraryApp\Debug\rc.read.1.tlog
C:\Users\samar\OneDrive\Documents\Visual Studio 2010\Projects\MyLibraryApp\MyLibraryApp\Debug\rc.write.1.tlog
C:\USERS\SAMAR\ONEDRIVE\DOCUMENTS\VISUAL STUDIO 2010\PROJECTS\MYLIBRARYAPP\MYLIBRARYAPP\DEBUG\STDAFX.OBJ
C:\USERS\SAMAR\ONEDRIVE\DOCUMENTS\VISUAL STUDIO 2010\PROJECTS\MYLIBRARYAPP\MYLIBRARYAPP\DEBUG\VC100.PDB
