Build started 21/11/2021 9:45:43 PM.
     1>Project "C:\Users\samar\OneDrive\Documents\Visual Studio 2010\Projects\MyLibraryApp\MyLibraryApp\MyLibraryApp.vcxproj" on node 2 (build target(s)).
     1>InitializeBuildStatus:
         Creating "Debug\MyLibraryApp.unsuccessfulbuild" because "AlwaysCreate" was specified.
       GenerateTargetFrameworkMonikerAttribute:
       Skipping target "GenerateTargetFrameworkMonikerAttribute" because all output files are up-to-date with respect to the input files.
       ClCompile:
         All outputs are up-to-date.
         C:\Program Files (x86)\Microsoft Visual Studio 10.0\VC\bin\CL.exe /c /AI"C:\Program Files (x86)\Reference Assemblies\Microsoft\Framework\.NETFramework\v4.0" /Zi /clr:pure /nologo /W3 /WX- /Od /Oy- /D WIN32 /D _DEBUG /D _UNICODE /D UNICODE /EHa /MDd /GS /fp:precise /Zc:wchar_t /Zc:forScope /Yu"StdAfx.h" /Fp"Debug\MyLibraryApp.pch" /Fo"Debug\\" /Fd"Debug\vc100.pdb" /TP /FU"C:\Program Files (x86)\Reference Assemblies\Microsoft\Framework\.NETFramework\v4.0\System.Core.dll" /FU"C:\Program Files (x86)\Reference Assemblies\Microsoft\Framework\.NETFramework\v4.0\System.Data.dll" /FU"C:\Program Files (x86)\Reference Assemblies\Microsoft\Framework\.NETFramework\v4.0\System.dll" /FU"C:\Program Files (x86)\Reference Assemblies\Microsoft\Framework\.NETFramework\v4.0\System.Drawing.dll" /FU"C:\Program Files (x86)\Reference Assemblies\Microsoft\Framework\.NETFramework\v4.0\System.Windows.Forms.dll" /FU"C:\Program Files (x86)\Reference Assemblies\Microsoft\Framework\.NETFramework\v4.0\System.Xml.dll" /analyze- /errorReport:prompt Form2.cpp MyLibraryApp.cpp /clr:nostdlib 
         Form2.cpp
     1>c:\users\samar\onedrive\documents\visual studio 2010\projects\mylibraryapp\mylibraryapp\Other.h(115): warning C4244: '=' : conversion from 'long double' to 'float', possible loss of data
     1>c:\users\samar\onedrive\documents\visual studio 2010\projects\mylibraryapp\mylibraryapp\Other.h(139): warning C4996: 'fopen': This function or variable may be unsafe. Consider using fopen_s instead. To disable deprecation, use _CRT_SECURE_NO_WARNINGS. See online help for details.
                 C:\Program Files (x86)\Microsoft Visual Studio 10.0\VC\include\stdio.h(234) : see declaration of 'fopen'
     1>c:\users\samar\onedrive\documents\visual studio 2010\projects\mylibraryapp\mylibraryapp\Other.h(154): warning C4996: 'fscanf': This function or variable may be unsafe. Consider using fscanf_s instead. To disable deprecation, use _CRT_SECURE_NO_WARNINGS. See online help for details.
                 C:\Program Files (x86)\Microsoft Visual Studio 10.0\VC\include\stdio.h(253) : see declaration of 'fscanf'
     1>c:\users\samar\onedrive\documents\visual studio 2010\projects\mylibraryapp\mylibraryapp\Other.h(176): warning C4244: 'initializing' : conversion from 'int' to 'float', possible loss of data
     1>c:\users\samar\onedrive\documents\visual studio 2010\projects\mylibraryapp\mylibraryapp\Other.h(137): warning C4101: 'str' : unreferenced local variable
     1>c:\users\samar\onedrive\documents\visual studio 2010\projects\mylibraryapp\mylibraryapp\Other.h(203): warning C4996: 'strcpy': This function or variable may be unsafe. Consider using strcpy_s instead. To disable deprecation, use _CRT_SECURE_NO_WARNINGS. See online help for details.
                 C:\Program Files (x86)\Microsoft Visual Studio 10.0\VC\include\string.h(105) : see declaration of 'strcpy'
     1>c:\users\samar\onedrive\documents\visual studio 2010\projects\mylibraryapp\mylibraryapp\Other.h(204): warning C4996: 'strcat': This function or variable may be unsafe. Consider using strcat_s instead. To disable deprecation, use _CRT_SECURE_NO_WARNINGS. See online help for details.
                 C:\Program Files (x86)\Microsoft Visual Studio 10.0\VC\include\string.h(110) : see declaration of 'strcat'
     1>c:\users\samar\onedrive\documents\visual studio 2010\projects\mylibraryapp\mylibraryapp\Other.h(206): warning C4996: 'strcat': This function or variable may be unsafe. Consider using strcat_s instead. To disable deprecation, use _CRT_SECURE_NO_WARNINGS. See online help for details.
                 C:\Program Files (x86)\Microsoft Visual Studio 10.0\VC\include\string.h(110) : see declaration of 'strcat'
     1>c:\users\samar\onedrive\documents\visual studio 2010\projects\mylibraryapp\mylibraryapp\Other.h(207): warning C4996: 'strcat': This function or variable may be unsafe. Consider using strcat_s instead. To disable deprecation, use _CRT_SECURE_NO_WARNINGS. See online help for details.
                 C:\Program Files (x86)\Microsoft Visual Studio 10.0\VC\include\string.h(110) : see declaration of 'strcat'
     1>c:\users\samar\onedrive\documents\visual studio 2010\projects\mylibraryapp\mylibraryapp\Other.h(208): warning C4996: 'sprintf': This function or variable may be unsafe. Consider using sprintf_s instead. To disable deprecation, use _CRT_SECURE_NO_WARNINGS. See online help for details.
                 C:\Program Files (x86)\Microsoft Visual Studio 10.0\VC\include\stdio.h(371) : see declaration of 'sprintf'
     1>c:\users\samar\onedrive\documents\visual studio 2010\projects\mylibraryapp\mylibraryapp\Other.h(209): warning C4996: 'strcat': This function or variable may be unsafe. Consider using strcat_s instead. To disable deprecation, use _CRT_SECURE_NO_WARNINGS. See online help for details.
                 C:\Program Files (x86)\Microsoft Visual Studio 10.0\VC\include\string.h(110) : see declaration of 'strcat'
     1>c:\users\samar\onedrive\documents\visual studio 2010\projects\mylibraryapp\mylibraryapp\Other.h(210): warning C4996: 'strcat': This function or variable may be unsafe. Consider using strcat_s instead. To disable deprecation, use _CRT_SECURE_NO_WARNINGS. See online help for details.
                 C:\Program Files (x86)\Microsoft Visual Studio 10.0\VC\include\string.h(110) : see declaration of 'strcat'
     1>c:\users\samar\onedrive\documents\visual studio 2010\projects\mylibraryapp\mylibraryapp\Other.h(225): warning C4996: 'fopen': This function or variable may be unsafe. Consider using fopen_s instead. To disable deprecation, use _CRT_SECURE_NO_WARNINGS. See online help for details.
                 C:\Program Files (x86)\Microsoft Visual Studio 10.0\VC\include\stdio.h(234) : see declaration of 'fopen'
     1>c:\users\samar\onedrive\documents\visual studio 2010\projects\mylibraryapp\mylibraryapp\Other.h(236): warning C4996: 'strtok': This function or variable may be unsafe. Consider using strtok_s instead. To disable deprecation, use _CRT_SECURE_NO_WARNINGS. See online help for details.
                 C:\Program Files (x86)\Microsoft Visual Studio 10.0\VC\include\string.h(197) : see declaration of 'strtok'
     1>c:\users\samar\onedrive\documents\visual studio 2010\projects\mylibraryapp\mylibraryapp\Other.h(240): warning C4996: 'sscanf': This function or variable may be unsafe. Consider using sscanf_s instead. To disable deprecation, use _CRT_SECURE_NO_WARNINGS. See online help for details.
                 C:\Program Files (x86)\Microsoft Visual Studio 10.0\VC\include\stdio.h(325) : see declaration of 'sscanf'
     1>c:\users\samar\onedrive\documents\visual studio 2010\projects\mylibraryapp\mylibraryapp\Other.h(242): warning C4996: 'strtok': This function or variable may be unsafe. Consider using strtok_s instead. To disable deprecation, use _CRT_SECURE_NO_WARNINGS. See online help for details.
                 C:\Program Files (x86)\Microsoft Visual Studio 10.0\VC\include\string.h(197) : see declaration of 'strtok'
     1>c:\users\samar\onedrive\documents\visual studio 2010\projects\mylibraryapp\mylibraryapp\Other.h(223): warning C4101: 'ch' : unreferenced local variable
     1>c:\users\samar\onedrive\documents\visual studio 2010\projects\mylibraryapp\mylibraryapp\Other.h(305): warning C4996: 'sprintf': This function or variable may be unsafe. Consider using sprintf_s instead. To disable deprecation, use _CRT_SECURE_NO_WARNINGS. See online help for details.
                 C:\Program Files (x86)\Microsoft Visual Studio 10.0\VC\include\stdio.h(371) : see declaration of 'sprintf'
     1>c:\users\samar\onedrive\documents\visual studio 2010\projects\mylibraryapp\mylibraryapp\Other.h(306): warning C4996: 'strcat': This function or variable may be unsafe. Consider using strcat_s instead. To disable deprecation, use _CRT_SECURE_NO_WARNINGS. See online help for details.
                 C:\Program Files (x86)\Microsoft Visual Studio 10.0\VC\include\string.h(110) : see declaration of 'strcat'
     1>c:\users\samar\onedrive\documents\visual studio 2010\projects\mylibraryapp\mylibraryapp\Other.h(307): warning C4996: 'strcat': This function or variable may be unsafe. Consider using strcat_s instead. To disable deprecation, use _CRT_SECURE_NO_WARNINGS. See online help for details.
                 C:\Program Files (x86)\Microsoft Visual Studio 10.0\VC\include\string.h(110) : see declaration of 'strcat'
     1>c:\users\samar\onedrive\documents\visual studio 2010\projects\mylibraryapp\mylibraryapp\Other.h(310): warning C4996: 'fopen': This function or variable may be unsafe. Consider using fopen_s instead. To disable deprecation, use _CRT_SECURE_NO_WARNINGS. See online help for details.
                 C:\Program Files (x86)\Microsoft Visual Studio 10.0\VC\include\stdio.h(234) : see declaration of 'fopen'
     1>c:\users\samar\onedrive\documents\visual studio 2010\projects\mylibraryapp\mylibraryapp\Other.h(316): warning C4996: 'fscanf': This function or variable may be unsafe. Consider using fscanf_s instead. To disable deprecation, use _CRT_SECURE_NO_WARNINGS. See online help for details.
                 C:\Program Files (x86)\Microsoft Visual Studio 10.0\VC\include\stdio.h(253) : see declaration of 'fscanf'
     1>c:\users\samar\onedrive\documents\visual studio 2010\projects\mylibraryapp\mylibraryapp\Other.h(323): warning C4996: 'fscanf': This function or variable may be unsafe. Consider using fscanf_s instead. To disable deprecation, use _CRT_SECURE_NO_WARNINGS. See online help for details.
                 C:\Program Files (x86)\Microsoft Visual Studio 10.0\VC\include\stdio.h(253) : see declaration of 'fscanf'
     1>c:\users\samar\onedrive\documents\visual studio 2010\projects\mylibraryapp\mylibraryapp\Other.h(331): warning C4996: 'fscanf': This function or variable may be unsafe. Consider using fscanf_s instead. To disable deprecation, use _CRT_SECURE_NO_WARNINGS. See online help for details.
                 C:\Program Files (x86)\Microsoft Visual Studio 10.0\VC\include\stdio.h(253) : see declaration of 'fscanf'
     1>c:\users\samar\onedrive\documents\visual studio 2010\projects\mylibraryapp\mylibraryapp\Other.h(339): warning C4996: 'sprintf': This function or variable may be unsafe. Consider using sprintf_s instead. To disable deprecation, use _CRT_SECURE_NO_WARNINGS. See online help for details.
                 C:\Program Files (x86)\Microsoft Visual Studio 10.0\VC\include\stdio.h(371) : see declaration of 'sprintf'
     1>c:\users\samar\onedrive\documents\visual studio 2010\projects\mylibraryapp\mylibraryapp\Other.h(340): warning C4996: 'strcat': This function or variable may be unsafe. Consider using strcat_s instead. To disable deprecation, use _CRT_SECURE_NO_WARNINGS. See online help for details.
                 C:\Program Files (x86)\Microsoft Visual Studio 10.0\VC\include\string.h(110) : see declaration of 'strcat'
     1>c:\users\samar\onedrive\documents\visual studio 2010\projects\mylibraryapp\mylibraryapp\Other.h(341): warning C4996: 'strcat': This function or variable may be unsafe. Consider using strcat_s instead. To disable deprecation, use _CRT_SECURE_NO_WARNINGS. See online help for details.
                 C:\Program Files (x86)\Microsoft Visual Studio 10.0\VC\include\string.h(110) : see declaration of 'strcat'
     1>c:\users\samar\onedrive\documents\visual studio 2010\projects\mylibraryapp\mylibraryapp\Other.h(344): warning C4996: 'fopen': This function or variable may be unsafe. Consider using fopen_s instead. To disable deprecation, use _CRT_SECURE_NO_WARNINGS. See online help for details.
                 C:\Program Files (x86)\Microsoft Visual Studio 10.0\VC\include\stdio.h(234) : see declaration of 'fopen'
     1>c:\users\samar\onedrive\documents\visual studio 2010\projects\mylibraryapp\mylibraryapp\Other.h(350): warning C4996: 'fscanf': This function or variable may be unsafe. Consider using fscanf_s instead. To disable deprecation, use _CRT_SECURE_NO_WARNINGS. See online help for details.
                 C:\Program Files (x86)\Microsoft Visual Studio 10.0\VC\include\stdio.h(253) : see declaration of 'fscanf'
     1>c:\users\samar\onedrive\documents\visual studio 2010\projects\mylibraryapp\mylibraryapp\Other.h(456): warning C4996: 'fopen': This function or variable may be unsafe. Consider using fopen_s instead. To disable deprecation, use _CRT_SECURE_NO_WARNINGS. See online help for details.
                 C:\Program Files (x86)\Microsoft Visual Studio 10.0\VC\include\stdio.h(234) : see declaration of 'fopen'
     1>c:\users\samar\onedrive\documents\visual studio 2010\projects\mylibraryapp\mylibraryapp\Other.h(506): warning C4996: 'fopen': This function or variable may be unsafe. Consider using fopen_s instead. To disable deprecation, use _CRT_SECURE_NO_WARNINGS. See online help for details.
                 C:\Program Files (x86)\Microsoft Visual Studio 10.0\VC\include\stdio.h(234) : see declaration of 'fopen'
     1>c:\users\samar\onedrive\documents\visual studio 2010\projects\mylibraryapp\mylibraryapp\Other.h(514): warning C4996: 'strcpy': This function or variable may be unsafe. Consider using strcpy_s instead. To disable deprecation, use _CRT_SECURE_NO_WARNINGS. See online help for details.
                 C:\Program Files (x86)\Microsoft Visual Studio 10.0\VC\include\string.h(105) : see declaration of 'strcpy'
     1>c:\users\samar\onedrive\documents\visual studio 2010\projects\mylibraryapp\mylibraryapp\Other.h(517): warning C4996: 'sprintf': This function or variable may be unsafe. Consider using sprintf_s instead. To disable deprecation, use _CRT_SECURE_NO_WARNINGS. See online help for details.
                 C:\Program Files (x86)\Microsoft Visual Studio 10.0\VC\include\stdio.h(371) : see declaration of 'sprintf'
     1>c:\users\samar\onedrive\documents\visual studio 2010\projects\mylibraryapp\mylibraryapp\Other.h(518): warning C4996: 'strcat': This function or variable may be unsafe. Consider using strcat_s instead. To disable deprecation, use _CRT_SECURE_NO_WARNINGS. See online help for details.
                 C:\Program Files (x86)\Microsoft Visual Studio 10.0\VC\include\string.h(110) : see declaration of 'strcat'
     1>c:\users\samar\onedrive\documents\visual studio 2010\projects\mylibraryapp\mylibraryapp\Other.h(519): warning C4996: 'strcat': This function or variable may be unsafe. Consider using strcat_s instead. To disable deprecation, use _CRT_SECURE_NO_WARNINGS. See online help for details.
                 C:\Program Files (x86)\Microsoft Visual Studio 10.0\VC\include\string.h(110) : see declaration of 'strcat'
     1>c:\users\samar\onedrive\documents\visual studio 2010\projects\mylibraryapp\mylibraryapp\Other.h(520): warning C4996: 'fopen': This function or variable may be unsafe. Consider using fopen_s instead. To disable deprecation, use _CRT_SECURE_NO_WARNINGS. See online help for details.
                 C:\Program Files (x86)\Microsoft Visual Studio 10.0\VC\include\stdio.h(234) : see declaration of 'fopen'
     1>c:\users\samar\onedrive\documents\visual studio 2010\projects\mylibraryapp\mylibraryapp\Other.h(550): warning C4996: 'sprintf': This function or variable may be unsafe. Consider using sprintf_s instead. To disable deprecation, use _CRT_SECURE_NO_WARNINGS. See online help for details.
                 C:\Program Files (x86)\Microsoft Visual Studio 10.0\VC\include\stdio.h(371) : see declaration of 'sprintf'
     1>c:\users\samar\onedrive\documents\visual studio 2010\projects\mylibraryapp\mylibraryapp\Other.h(551): warning C4996: 'strcat': This function or variable may be unsafe. Consider using strcat_s instead. To disable deprecation, use _CRT_SECURE_NO_WARNINGS. See online help for details.
                 C:\Program Files (x86)\Microsoft Visual Studio 10.0\VC\include\string.h(110) : see declaration of 'strcat'
     1>c:\users\samar\onedrive\documents\visual studio 2010\projects\mylibraryapp\mylibraryapp\Other.h(552): warning C4996: 'strcat': This function or variable may be unsafe. Consider using strcat_s instead. To disable deprecation, use _CRT_SECURE_NO_WARNINGS. See online help for details.
                 C:\Program Files (x86)\Microsoft Visual Studio 10.0\VC\include\string.h(110) : see declaration of 'strcat'
     1>c:\users\samar\onedrive\documents\visual studio 2010\projects\mylibraryapp\mylibraryapp\Other.h(555): warning C4996: 'fopen': This function or variable may be unsafe. Consider using fopen_s instead. To disable deprecation, use _CRT_SECURE_NO_WARNINGS. See online help for details.
                 C:\Program Files (x86)\Microsoft Visual Studio 10.0\VC\include\stdio.h(234) : see declaration of 'fopen'
     1>c:\users\samar\onedrive\documents\visual studio 2010\projects\mylibraryapp\mylibraryapp\Other.h(561): warning C4996: 'fscanf': This function or variable may be unsafe. Consider using fscanf_s instead. To disable deprecation, use _CRT_SECURE_NO_WARNINGS. See online help for details.
                 C:\Program Files (x86)\Microsoft Visual Studio 10.0\VC\include\stdio.h(253) : see declaration of 'fscanf'
     1>c:\users\samar\onedrive\documents\visual studio 2010\projects\mylibraryapp\mylibraryapp\Other.h(761): warning C4244: '=' : conversion from 'long double' to 'int', possible loss of data
     1>c:\users\samar\onedrive\documents\visual studio 2010\projects\mylibraryapp\mylibraryapp\Other.h(764): warning C4244: '=' : conversion from 'long double' to 'int', possible loss of data
     1>c:\users\samar\onedrive\documents\visual studio 2010\projects\mylibraryapp\mylibraryapp\Other.h(787): warning C4244: '=' : conversion from 'long double' to 'int', possible loss of data
     1>c:\users\samar\onedrive\documents\visual studio 2010\projects\mylibraryapp\mylibraryapp\Other.h(790): warning C4244: '=' : conversion from 'long double' to 'int', possible loss of data
     1>c:\users\samar\onedrive\documents\visual studio 2010\projects\mylibraryapp\mylibraryapp\Other.h(813): warning C4244: '=' : conversion from 'long double' to 'int', possible loss of data
     1>c:\users\samar\onedrive\documents\visual studio 2010\projects\mylibraryapp\mylibraryapp\Other.h(816): warning C4244: '=' : conversion from 'long double' to 'int', possible loss of data
     1>c:\users\samar\onedrive\documents\visual studio 2010\projects\mylibraryapp\mylibraryapp\Other.h(1067): warning C4996: 'strcpy': This function or variable may be unsafe. Consider using strcpy_s instead. To disable deprecation, use _CRT_SECURE_NO_WARNINGS. See online help for details.
                 C:\Program Files (x86)\Microsoft Visual Studio 10.0\VC\include\string.h(105) : see declaration of 'strcpy'
     1>c:\users\samar\onedrive\documents\visual studio 2010\projects\mylibraryapp\mylibraryapp\Other.h(1068): warning C4996: 'sprintf': This function or variable may be unsafe. Consider using sprintf_s instead. To disable deprecation, use _CRT_SECURE_NO_WARNINGS. See online help for details.
                 C:\Program Files (x86)\Microsoft Visual Studio 10.0\VC\include\stdio.h(371) : see declaration of 'sprintf'
     1>c:\users\samar\onedrive\documents\visual studio 2010\projects\mylibraryapp\mylibraryapp\Other.h(1069): warning C4996: 'strcat': This function or variable may be unsafe. Consider using strcat_s instead. To disable deprecation, use _CRT_SECURE_NO_WARNINGS. See online help for details.
                 C:\Program Files (x86)\Microsoft Visual Studio 10.0\VC\include\string.h(110) : see declaration of 'strcat'
     1>c:\users\samar\onedrive\documents\visual studio 2010\projects\mylibraryapp\mylibraryapp\Other.h(1070): warning C4996: 'strcat': This function or variable may be unsafe. Consider using strcat_s instead. To disable deprecation, use _CRT_SECURE_NO_WARNINGS. See online help for details.
                 C:\Program Files (x86)\Microsoft Visual Studio 10.0\VC\include\string.h(110) : see declaration of 'strcat'
     1>c:\users\samar\onedrive\documents\visual studio 2010\projects\mylibraryapp\mylibraryapp\Other.h(1071): warning C4996: 'strcpy': This function or variable may be unsafe. Consider using strcpy_s instead. To disable deprecation, use _CRT_SECURE_NO_WARNINGS. See online help for details.
                 C:\Program Files (x86)\Microsoft Visual Studio 10.0\VC\include\string.h(105) : see declaration of 'strcpy'
     1>c:\users\samar\onedrive\documents\visual studio 2010\projects\mylibraryapp\mylibraryapp\Other.h(1076): warning C4996: 'sprintf': This function or variable may be unsafe. Consider using sprintf_s instead. To disable deprecation, use _CRT_SECURE_NO_WARNINGS. See online help for details.
                 C:\Program Files (x86)\Microsoft Visual Studio 10.0\VC\include\stdio.h(371) : see declaration of 'sprintf'
     1>c:\users\samar\onedrive\documents\visual studio 2010\projects\mylibraryapp\mylibraryapp\Other.h(1077): warning C4996: 'strcat': This function or variable may be unsafe. Consider using strcat_s instead. To disable deprecation, use _CRT_SECURE_NO_WARNINGS. See online help for details.
                 C:\Program Files (x86)\Microsoft Visual Studio 10.0\VC\include\string.h(110) : see declaration of 'strcat'
     1>c:\users\samar\onedrive\documents\visual studio 2010\projects\mylibraryapp\mylibraryapp\Other.h(1078): warning C4996: 'strcat': This function or variable may be unsafe. Consider using strcat_s instead. To disable deprecation, use _CRT_SECURE_NO_WARNINGS. See online help for details.
                 C:\Program Files (x86)\Microsoft Visual Studio 10.0\VC\include\string.h(110) : see declaration of 'strcat'
     1>c:\users\samar\onedrive\documents\visual studio 2010\projects\mylibraryapp\mylibraryapp\Other.h(1079): warning C4996: 'strcat': This function or variable may be unsafe. Consider using strcat_s instead. To disable deprecation, use _CRT_SECURE_NO_WARNINGS. See online help for details.
                 C:\Program Files (x86)\Microsoft Visual Studio 10.0\VC\include\string.h(110) : see declaration of 'strcat'
     1>c:\users\samar\onedrive\documents\visual studio 2010\projects\mylibraryapp\mylibraryapp\Other.h(1081): warning C4996: 'strcpy': This function or variable may be unsafe. Consider using strcpy_s instead. To disable deprecation, use _CRT_SECURE_NO_WARNINGS. See online help for details.
                 C:\Program Files (x86)\Microsoft Visual Studio 10.0\VC\include\string.h(105) : see declaration of 'strcpy'
     1>c:\users\samar\onedrive\documents\visual studio 2010\projects\mylibraryapp\mylibraryapp\Other.h(1082): warning C4996: 'strcat': This function or variable may be unsafe. Consider using strcat_s instead. To disable deprecation, use _CRT_SECURE_NO_WARNINGS. See online help for details.
                 C:\Program Files (x86)\Microsoft Visual Studio 10.0\VC\include\string.h(110) : see declaration of 'strcat'
     1>c:\users\samar\onedrive\documents\visual studio 2010\projects\mylibraryapp\mylibraryapp\Other.h(1085): warning C4996: 'strcpy': This function or variable may be unsafe. Consider using strcpy_s instead. To disable deprecation, use _CRT_SECURE_NO_WARNINGS. See online help for details.
                 C:\Program Files (x86)\Microsoft Visual Studio 10.0\VC\include\string.h(105) : see declaration of 'strcpy'
     1>c:\users\samar\onedrive\documents\visual studio 2010\projects\mylibraryapp\mylibraryapp\Other.h(1108): warning C4996: 'fopen': This function or variable may be unsafe. Consider using fopen_s instead. To disable deprecation, use _CRT_SECURE_NO_WARNINGS. See online help for details.
                 C:\Program Files (x86)\Microsoft Visual Studio 10.0\VC\include\stdio.h(234) : see declaration of 'fopen'
     1>c:\users\samar\onedrive\documents\visual studio 2010\projects\mylibraryapp\mylibraryapp\Other.h(1115): warning C4996: 'sprintf': This function or variable may be unsafe. Consider using sprintf_s instead. To disable deprecation, use _CRT_SECURE_NO_WARNINGS. See online help for details.
                 C:\Program Files (x86)\Microsoft Visual Studio 10.0\VC\include\stdio.h(371) : see declaration of 'sprintf'
     1>c:\users\samar\onedrive\documents\visual studio 2010\projects\mylibraryapp\mylibraryapp\Other.h(1139): warning C4996: 'fopen': This function or variable may be unsafe. Consider using fopen_s instead. To disable deprecation, use _CRT_SECURE_NO_WARNINGS. See online help for details.
                 C:\Program Files (x86)\Microsoft Visual Studio 10.0\VC\include\stdio.h(234) : see declaration of 'fopen'
     1>c:\users\samar\onedrive\documents\visual studio 2010\projects\mylibraryapp\mylibraryapp\Other.h(1140): warning C4996: 'fopen': This function or variable may be unsafe. Consider using fopen_s instead. To disable deprecation, use _CRT_SECURE_NO_WARNINGS. See online help for details.
                 C:\Program Files (x86)\Microsoft Visual Studio 10.0\VC\include\stdio.h(234) : see declaration of 'fopen'
     1>c:\users\samar\onedrive\documents\visual studio 2010\projects\mylibraryapp\mylibraryapp\Other.h(1172): warning C4996: 'fopen': This function or variable may be unsafe. Consider using fopen_s instead. To disable deprecation, use _CRT_SECURE_NO_WARNINGS. See online help for details.
                 C:\Program Files (x86)\Microsoft Visual Studio 10.0\VC\include\stdio.h(234) : see declaration of 'fopen'
         MyLibraryApp.cpp
     1>c:\users\samar\onedrive\documents\visual studio 2010\projects\mylibraryapp\mylibraryapp\Other.h(115): warning C4244: '=' : conversion from 'long double' to 'float', possible loss of data
     1>c:\users\samar\onedrive\documents\visual studio 2010\projects\mylibraryapp\mylibraryapp\Other.h(139): warning C4996: 'fopen': This function or variable may be unsafe. Consider using fopen_s instead. To disable deprecation, use _CRT_SECURE_NO_WARNINGS. See online help for details.
                 C:\Program Files (x86)\Microsoft Visual Studio 10.0\VC\include\stdio.h(234) : see declaration of 'fopen'
     1>c:\users\samar\onedrive\documents\visual studio 2010\projects\mylibraryapp\mylibraryapp\Other.h(154): warning C4996: 'fscanf': This function or variable may be unsafe. Consider using fscanf_s instead. To disable deprecation, use _CRT_SECURE_NO_WARNINGS. See online help for details.
                 C:\Program Files (x86)\Microsoft Visual Studio 10.0\VC\include\stdio.h(253) : see declaration of 'fscanf'
     1>c:\users\samar\onedrive\documents\visual studio 2010\projects\mylibraryapp\mylibraryapp\Other.h(176): warning C4244: 'initializing' : conversion from 'int' to 'float', possible loss of data
     1>c:\users\samar\onedrive\documents\visual studio 2010\projects\mylibraryapp\mylibraryapp\Other.h(137): warning C4101: 'str' : unreferenced local variable
     1>c:\users\samar\onedrive\documents\visual studio 2010\projects\mylibraryapp\mylibraryapp\Other.h(203): warning C4996: 'strcpy': This function or variable may be unsafe. Consider using strcpy_s instead. To disable deprecation, use _CRT_SECURE_NO_WARNINGS. See online help for details.
                 C:\Program Files (x86)\Microsoft Visual Studio 10.0\VC\include\string.h(105) : see declaration of 'strcpy'
     1>c:\users\samar\onedrive\documents\visual studio 2010\projects\mylibraryapp\mylibraryapp\Other.h(204): warning C4996: 'strcat': This function or variable may be unsafe. Consider using strcat_s instead. To disable deprecation, use _CRT_SECURE_NO_WARNINGS. See online help for details.
                 C:\Program Files (x86)\Microsoft Visual Studio 10.0\VC\include\string.h(110) : see declaration of 'strcat'
     1>c:\users\samar\onedrive\documents\visual studio 2010\projects\mylibraryapp\mylibraryapp\Other.h(206): warning C4996: 'strcat': This function or variable may be unsafe. Consider using strcat_s instead. To disable deprecation, use _CRT_SECURE_NO_WARNINGS. See online help for details.
                 C:\Program Files (x86)\Microsoft Visual Studio 10.0\VC\include\string.h(110) : see declaration of 'strcat'
     1>c:\users\samar\onedrive\documents\visual studio 2010\projects\mylibraryapp\mylibraryapp\Other.h(207): warning C4996: 'strcat': This function or variable may be unsafe. Consider using strcat_s instead. To disable deprecation, use _CRT_SECURE_NO_WARNINGS. See online help for details.
                 C:\Program Files (x86)\Microsoft Visual Studio 10.0\VC\include\string.h(110) : see declaration of 'strcat'
     1>c:\users\samar\onedrive\documents\visual studio 2010\projects\mylibraryapp\mylibraryapp\Other.h(208): warning C4996: 'sprintf': This function or variable may be unsafe. Consider using sprintf_s instead. To disable deprecation, use _CRT_SECURE_NO_WARNINGS. See online help for details.
                 C:\Program Files (x86)\Microsoft Visual Studio 10.0\VC\include\stdio.h(371) : see declaration of 'sprintf'
     1>c:\users\samar\onedrive\documents\visual studio 2010\projects\mylibraryapp\mylibraryapp\Other.h(209): warning C4996: 'strcat': This function or variable may be unsafe. Consider using strcat_s instead. To disable deprecation, use _CRT_SECURE_NO_WARNINGS. See online help for details.
                 C:\Program Files (x86)\Microsoft Visual Studio 10.0\VC\include\string.h(110) : see declaration of 'strcat'
     1>c:\users\samar\onedrive\documents\visual studio 2010\projects\mylibraryapp\mylibraryapp\Other.h(210): warning C4996: 'strcat': This function or variable may be unsafe. Consider using strcat_s instead. To disable deprecation, use _CRT_SECURE_NO_WARNINGS. See online help for details.
                 C:\Program Files (x86)\Microsoft Visual Studio 10.0\VC\include\string.h(110) : see declaration of 'strcat'
     1>c:\users\samar\onedrive\documents\visual studio 2010\projects\mylibraryapp\mylibraryapp\Other.h(225): warning C4996: 'fopen': This function or variable may be unsafe. Consider using fopen_s instead. To disable deprecation, use _CRT_SECURE_NO_WARNINGS. See online help for details.
                 C:\Program Files (x86)\Microsoft Visual Studio 10.0\VC\include\stdio.h(234) : see declaration of 'fopen'
     1>c:\users\samar\onedrive\documents\visual studio 2010\projects\mylibraryapp\mylibraryapp\Other.h(236): warning C4996: 'strtok': This function or variable may be unsafe. Consider using strtok_s instead. To disable deprecation, use _CRT_SECURE_NO_WARNINGS. See online help for details.
                 C:\Program Files (x86)\Microsoft Visual Studio 10.0\VC\include\string.h(197) : see declaration of 'strtok'
     1>c:\users\samar\onedrive\documents\visual studio 2010\projects\mylibraryapp\mylibraryapp\Other.h(240): warning C4996: 'sscanf': This function or variable may be unsafe. Consider using sscanf_s instead. To disable deprecation, use _CRT_SECURE_NO_WARNINGS. See online help for details.
                 C:\Program Files (x86)\Microsoft Visual Studio 10.0\VC\include\stdio.h(325) : see declaration of 'sscanf'
     1>c:\users\samar\onedrive\documents\visual studio 2010\projects\mylibraryapp\mylibraryapp\Other.h(242): warning C4996: 'strtok': This function or variable may be unsafe. Consider using strtok_s instead. To disable deprecation, use _CRT_SECURE_NO_WARNINGS. See online help for details.
                 C:\Program Files (x86)\Microsoft Visual Studio 10.0\VC\include\string.h(197) : see declaration of 'strtok'
     1>c:\users\samar\onedrive\documents\visual studio 2010\projects\mylibraryapp\mylibraryapp\Other.h(223): warning C4101: 'ch' : unreferenced local variable
     1>c:\users\samar\onedrive\documents\visual studio 2010\projects\mylibraryapp\mylibraryapp\Other.h(305): warning C4996: 'sprintf': This function or variable may be unsafe. Consider using sprintf_s instead. To disable deprecation, use _CRT_SECURE_NO_WARNINGS. See online help for details.
                 C:\Program Files (x86)\Microsoft Visual Studio 10.0\VC\include\stdio.h(371) : see declaration of 'sprintf'
     1>c:\users\samar\onedrive\documents\visual studio 2010\projects\mylibraryapp\mylibraryapp\Other.h(306): warning C4996: 'strcat': This function or variable may be unsafe. Consider using strcat_s instead. To disable deprecation, use _CRT_SECURE_NO_WARNINGS. See online help for details.
                 C:\Program Files (x86)\Microsoft Visual Studio 10.0\VC\include\string.h(110) : see declaration of 'strcat'
     1>c:\users\samar\onedrive\documents\visual studio 2010\projects\mylibraryapp\mylibraryapp\Other.h(307): warning C4996: 'strcat': This function or variable may be unsafe. Consider using strcat_s instead. To disable deprecation, use _CRT_SECURE_NO_WARNINGS. See online help for details.
                 C:\Program Files (x86)\Microsoft Visual Studio 10.0\VC\include\string.h(110) : see declaration of 'strcat'
     1>c:\users\samar\onedrive\documents\visual studio 2010\projects\mylibraryapp\mylibraryapp\Other.h(310): warning C4996: 'fopen': This function or variable may be unsafe. Consider using fopen_s instead. To disable deprecation, use _CRT_SECURE_NO_WARNINGS. See online help for details.
                 C:\Program Files (x86)\Microsoft Visual Studio 10.0\VC\include\stdio.h(234) : see declaration of 'fopen'
     1>c:\users\samar\onedrive\documents\visual studio 2010\projects\mylibraryapp\mylibraryapp\Other.h(316): warning C4996: 'fscanf': This function or variable may be unsafe. Consider using fscanf_s instead. To disable deprecation, use _CRT_SECURE_NO_WARNINGS. See online help for details.
                 C:\Program Files (x86)\Microsoft Visual Studio 10.0\VC\include\stdio.h(253) : see declaration of 'fscanf'
     1>c:\users\samar\onedrive\documents\visual studio 2010\projects\mylibraryapp\mylibraryapp\Other.h(323): warning C4996: 'fscanf': This function or variable may be unsafe. Consider using fscanf_s instead. To disable deprecation, use _CRT_SECURE_NO_WARNINGS. See online help for details.
                 C:\Program Files (x86)\Microsoft Visual Studio 10.0\VC\include\stdio.h(253) : see declaration of 'fscanf'
     1>c:\users\samar\onedrive\documents\visual studio 2010\projects\mylibraryapp\mylibraryapp\Other.h(331): warning C4996: 'fscanf': This function or variable may be unsafe. Consider using fscanf_s instead. To disable deprecation, use _CRT_SECURE_NO_WARNINGS. See online help for details.
                 C:\Program Files (x86)\Microsoft Visual Studio 10.0\VC\include\stdio.h(253) : see declaration of 'fscanf'
     1>c:\users\samar\onedrive\documents\visual studio 2010\projects\mylibraryapp\mylibraryapp\Other.h(339): warning C4996: 'sprintf': This function or variable may be unsafe. Consider using sprintf_s instead. To disable deprecation, use _CRT_SECURE_NO_WARNINGS. See online help for details.
                 C:\Program Files (x86)\Microsoft Visual Studio 10.0\VC\include\stdio.h(371) : see declaration of 'sprintf'
     1>c:\users\samar\onedrive\documents\visual studio 2010\projects\mylibraryapp\mylibraryapp\Other.h(340): warning C4996: 'strcat': This function or variable may be unsafe. Consider using strcat_s instead. To disable deprecation, use _CRT_SECURE_NO_WARNINGS. See online help for details.
                 C:\Program Files (x86)\Microsoft Visual Studio 10.0\VC\include\string.h(110) : see declaration of 'strcat'
     1>c:\users\samar\onedrive\documents\visual studio 2010\projects\mylibraryapp\mylibraryapp\Other.h(341): warning C4996: 'strcat': This function or variable may be unsafe. Consider using strcat_s instead. To disable deprecation, use _CRT_SECURE_NO_WARNINGS. See online help for details.
                 C:\Program Files (x86)\Microsoft Visual Studio 10.0\VC\include\string.h(110) : see declaration of 'strcat'
     1>c:\users\samar\onedrive\documents\visual studio 2010\projects\mylibraryapp\mylibraryapp\Other.h(344): warning C4996: 'fopen': This function or variable may be unsafe. Consider using fopen_s instead. To disable deprecation, use _CRT_SECURE_NO_WARNINGS. See online help for details.
                 C:\Program Files (x86)\Microsoft Visual Studio 10.0\VC\include\stdio.h(234) : see declaration of 'fopen'
     1>c:\users\samar\onedrive\documents\visual studio 2010\projects\mylibraryapp\mylibraryapp\Other.h(350): warning C4996: 'fscanf': This function or variable may be unsafe. Consider using fscanf_s instead. To disable deprecation, use _CRT_SECURE_NO_WARNINGS. See online help for details.
                 C:\Program Files (x86)\Microsoft Visual Studio 10.0\VC\include\stdio.h(253) : see declaration of 'fscanf'
     1>c:\users\samar\onedrive\documents\visual studio 2010\projects\mylibraryapp\mylibraryapp\Other.h(456): warning C4996: 'fopen': This function or variable may be unsafe. Consider using fopen_s instead. To disable deprecation, use _CRT_SECURE_NO_WARNINGS. See online help for details.
                 C:\Program Files (x86)\Microsoft Visual Studio 10.0\VC\include\stdio.h(234) : see declaration of 'fopen'
     1>c:\users\samar\onedrive\documents\visual studio 2010\projects\mylibraryapp\mylibraryapp\Other.h(506): warning C4996: 'fopen': This function or variable may be unsafe. Consider using fopen_s instead. To disable deprecation, use _CRT_SECURE_NO_WARNINGS. See online help for details.
                 C:\Program Files (x86)\Microsoft Visual Studio 10.0\VC\include\stdio.h(234) : see declaration of 'fopen'
     1>c:\users\samar\onedrive\documents\visual studio 2010\projects\mylibraryapp\mylibraryapp\Other.h(514): warning C4996: 'strcpy': This function or variable may be unsafe. Consider using strcpy_s instead. To disable deprecation, use _CRT_SECURE_NO_WARNINGS. See online help for details.
                 C:\Program Files (x86)\Microsoft Visual Studio 10.0\VC\include\string.h(105) : see declaration of 'strcpy'
     1>c:\users\samar\onedrive\documents\visual studio 2010\projects\mylibraryapp\mylibraryapp\Other.h(517): warning C4996: 'sprintf': This function or variable may be unsafe. Consider using sprintf_s instead. To disable deprecation, use _CRT_SECURE_NO_WARNINGS. See online help for details.
                 C:\Program Files (x86)\Microsoft Visual Studio 10.0\VC\include\stdio.h(371) : see declaration of 'sprintf'
     1>c:\users\samar\onedrive\documents\visual studio 2010\projects\mylibraryapp\mylibraryapp\Other.h(518): warning C4996: 'strcat': This function or variable may be unsafe. Consider using strcat_s instead. To disable deprecation, use _CRT_SECURE_NO_WARNINGS. See online help for details.
                 C:\Program Files (x86)\Microsoft Visual Studio 10.0\VC\include\string.h(110) : see declaration of 'strcat'
     1>c:\users\samar\onedrive\documents\visual studio 2010\projects\mylibraryapp\mylibraryapp\Other.h(519): warning C4996: 'strcat': This function or variable may be unsafe. Consider using strcat_s instead. To disable deprecation, use _CRT_SECURE_NO_WARNINGS. See online help for details.
                 C:\Program Files (x86)\Microsoft Visual Studio 10.0\VC\include\string.h(110) : see declaration of 'strcat'
     1>c:\users\samar\onedrive\documents\visual studio 2010\projects\mylibraryapp\mylibraryapp\Other.h(520): warning C4996: 'fopen': This function or variable may be unsafe. Consider using fopen_s instead. To disable deprecation, use _CRT_SECURE_NO_WARNINGS. See online help for details.
                 C:\Program Files (x86)\Microsoft Visual Studio 10.0\VC\include\stdio.h(234) : see declaration of 'fopen'
     1>c:\users\samar\onedrive\documents\visual studio 2010\projects\mylibraryapp\mylibraryapp\Other.h(550): warning C4996: 'sprintf': This function or variable may be unsafe. Consider using sprintf_s instead. To disable deprecation, use _CRT_SECURE_NO_WARNINGS. See online help for details.
                 C:\Program Files (x86)\Microsoft Visual Studio 10.0\VC\include\stdio.h(371) : see declaration of 'sprintf'
     1>c:\users\samar\onedrive\documents\visual studio 2010\projects\mylibraryapp\mylibraryapp\Other.h(551): warning C4996: 'strcat': This function or variable may be unsafe. Consider using strcat_s instead. To disable deprecation, use _CRT_SECURE_NO_WARNINGS. See online help for details.
                 C:\Program Files (x86)\Microsoft Visual Studio 10.0\VC\include\string.h(110) : see declaration of 'strcat'
     1>c:\users\samar\onedrive\documents\visual studio 2010\projects\mylibraryapp\mylibraryapp\Other.h(552): warning C4996: 'strcat': This function or variable may be unsafe. Consider using strcat_s instead. To disable deprecation, use _CRT_SECURE_NO_WARNINGS. See online help for details.
                 C:\Program Files (x86)\Microsoft Visual Studio 10.0\VC\include\string.h(110) : see declaration of 'strcat'
     1>c:\users\samar\onedrive\documents\visual studio 2010\projects\mylibraryapp\mylibraryapp\Other.h(555): warning C4996: 'fopen': This function or variable may be unsafe. Consider using fopen_s instead. To disable deprecation, use _CRT_SECURE_NO_WARNINGS. See online help for details.
                 C:\Program Files (x86)\Microsoft Visual Studio 10.0\VC\include\stdio.h(234) : see declaration of 'fopen'
     1>c:\users\samar\onedrive\documents\visual studio 2010\projects\mylibraryapp\mylibraryapp\Other.h(561): warning C4996: 'fscanf': This function or variable may be unsafe. Consider using fscanf_s instead. To disable deprecation, use _CRT_SECURE_NO_WARNINGS. See online help for details.
                 C:\Program Files (x86)\Microsoft Visual Studio 10.0\VC\include\stdio.h(253) : see declaration of 'fscanf'
     1>c:\users\samar\onedrive\documents\visual studio 2010\projects\mylibraryapp\mylibraryapp\Other.h(761): warning C4244: '=' : conversion from 'long double' to 'int', possible loss of data
     1>c:\users\samar\onedrive\documents\visual studio 2010\projects\mylibraryapp\mylibraryapp\Other.h(764): warning C4244: '=' : conversion from 'long double' to 'int', possible loss of data
     1>c:\users\samar\onedrive\documents\visual studio 2010\projects\mylibraryapp\mylibraryapp\Other.h(787): warning C4244: '=' : conversion from 'long double' to 'int', possible loss of data
     1>c:\users\samar\onedrive\documents\visual studio 2010\projects\mylibraryapp\mylibraryapp\Other.h(790): warning C4244: '=' : conversion from 'long double' to 'int', possible loss of data
     1>c:\users\samar\onedrive\documents\visual studio 2010\projects\mylibraryapp\mylibraryapp\Other.h(813): warning C4244: '=' : conversion from 'long double' to 'int', possible loss of data
     1>c:\users\samar\onedrive\documents\visual studio 2010\projects\mylibraryapp\mylibraryapp\Other.h(816): warning C4244: '=' : conversion from 'long double' to 'int', possible loss of data
     1>c:\users\samar\onedrive\documents\visual studio 2010\projects\mylibraryapp\mylibraryapp\Other.h(1067): warning C4996: 'strcpy': This function or variable may be unsafe. Consider using strcpy_s instead. To disable deprecation, use _CRT_SECURE_NO_WARNINGS. See online help for details.
                 C:\Program Files (x86)\Microsoft Visual Studio 10.0\VC\include\string.h(105) : see declaration of 'strcpy'
     1>c:\users\samar\onedrive\documents\visual studio 2010\projects\mylibraryapp\mylibraryapp\Other.h(1068): warning C4996: 'sprintf': This function or variable may be unsafe. Consider using sprintf_s instead. To disable deprecation, use _CRT_SECURE_NO_WARNINGS. See online help for details.
                 C:\Program Files (x86)\Microsoft Visual Studio 10.0\VC\include\stdio.h(371) : see declaration of 'sprintf'
     1>c:\users\samar\onedrive\documents\visual studio 2010\projects\mylibraryapp\mylibraryapp\Other.h(1069): warning C4996: 'strcat': This function or variable may be unsafe. Consider using strcat_s instead. To disable deprecation, use _CRT_SECURE_NO_WARNINGS. See online help for details.
                 C:\Program Files (x86)\Microsoft Visual Studio 10.0\VC\include\string.h(110) : see declaration of 'strcat'
     1>c:\users\samar\onedrive\documents\visual studio 2010\projects\mylibraryapp\mylibraryapp\Other.h(1070): warning C4996: 'strcat': This function or variable may be unsafe. Consider using strcat_s instead. To disable deprecation, use _CRT_SECURE_NO_WARNINGS. See online help for details.
                 C:\Program Files (x86)\Microsoft Visual Studio 10.0\VC\include\string.h(110) : see declaration of 'strcat'
     1>c:\users\samar\onedrive\documents\visual studio 2010\projects\mylibraryapp\mylibraryapp\Other.h(1071): warning C4996: 'strcpy': This function or variable may be unsafe. Consider using strcpy_s instead. To disable deprecation, use _CRT_SECURE_NO_WARNINGS. See online help for details.
                 C:\Program Files (x86)\Microsoft Visual Studio 10.0\VC\include\string.h(105) : see declaration of 'strcpy'
     1>c:\users\samar\onedrive\documents\visual studio 2010\projects\mylibraryapp\mylibraryapp\Other.h(1076): warning C4996: 'sprintf': This function or variable may be unsafe. Consider using sprintf_s instead. To disable deprecation, use _CRT_SECURE_NO_WARNINGS. See online help for details.
                 C:\Program Files (x86)\Microsoft Visual Studio 10.0\VC\include\stdio.h(371) : see declaration of 'sprintf'
     1>c:\users\samar\onedrive\documents\visual studio 2010\projects\mylibraryapp\mylibraryapp\Other.h(1077): warning C4996: 'strcat': This function or variable may be unsafe. Consider using strcat_s instead. To disable deprecation, use _CRT_SECURE_NO_WARNINGS. See online help for details.
                 C:\Program Files (x86)\Microsoft Visual Studio 10.0\VC\include\string.h(110) : see declaration of 'strcat'
     1>c:\users\samar\onedrive\documents\visual studio 2010\projects\mylibraryapp\mylibraryapp\Other.h(1078): warning C4996: 'strcat': This function or variable may be unsafe. Consider using strcat_s instead. To disable deprecation, use _CRT_SECURE_NO_WARNINGS. See online help for details.
                 C:\Program Files (x86)\Microsoft Visual Studio 10.0\VC\include\string.h(110) : see declaration of 'strcat'
     1>c:\users\samar\onedrive\documents\visual studio 2010\projects\mylibraryapp\mylibraryapp\Other.h(1079): warning C4996: 'strcat': This function or variable may be unsafe. Consider using strcat_s instead. To disable deprecation, use _CRT_SECURE_NO_WARNINGS. See online help for details.
                 C:\Program Files (x86)\Microsoft Visual Studio 10.0\VC\include\string.h(110) : see declaration of 'strcat'
     1>c:\users\samar\onedrive\documents\visual studio 2010\projects\mylibraryapp\mylibraryapp\Other.h(1081): warning C4996: 'strcpy': This function or variable may be unsafe. Consider using strcpy_s instead. To disable deprecation, use _CRT_SECURE_NO_WARNINGS. See online help for details.
                 C:\Program Files (x86)\Microsoft Visual Studio 10.0\VC\include\string.h(105) : see declaration of 'strcpy'
     1>c:\users\samar\onedrive\documents\visual studio 2010\projects\mylibraryapp\mylibraryapp\Other.h(1082): warning C4996: 'strcat': This function or variable may be unsafe. Consider using strcat_s instead. To disable deprecation, use _CRT_SECURE_NO_WARNINGS. See online help for details.
                 C:\Program Files (x86)\Microsoft Visual Studio 10.0\VC\include\string.h(110) : see declaration of 'strcat'
     1>c:\users\samar\onedrive\documents\visual studio 2010\projects\mylibraryapp\mylibraryapp\Other.h(1085): warning C4996: 'strcpy': This function or variable may be unsafe. Consider using strcpy_s instead. To disable deprecation, use _CRT_SECURE_NO_WARNINGS. See online help for details.
                 C:\Program Files (x86)\Microsoft Visual Studio 10.0\VC\include\string.h(105) : see declaration of 'strcpy'
     1>c:\users\samar\onedrive\documents\visual studio 2010\projects\mylibraryapp\mylibraryapp\Other.h(1108): warning C4996: 'fopen': This function or variable may be unsafe. Consider using fopen_s instead. To disable deprecation, use _CRT_SECURE_NO_WARNINGS. See online help for details.
                 C:\Program Files (x86)\Microsoft Visual Studio 10.0\VC\include\stdio.h(234) : see declaration of 'fopen'
     1>c:\users\samar\onedrive\documents\visual studio 2010\projects\mylibraryapp\mylibraryapp\Other.h(1115): warning C4996: 'sprintf': This function or variable may be unsafe. Consider using sprintf_s instead. To disable deprecation, use _CRT_SECURE_NO_WARNINGS. See online help for details.
                 C:\Program Files (x86)\Microsoft Visual Studio 10.0\VC\include\stdio.h(371) : see declaration of 'sprintf'
     1>c:\users\samar\onedrive\documents\visual studio 2010\projects\mylibraryapp\mylibraryapp\Other.h(1139): warning C4996: 'fopen': This function or variable may be unsafe. Consider using fopen_s instead. To disable deprecation, use _CRT_SECURE_NO_WARNINGS. See online help for details.
                 C:\Program Files (x86)\Microsoft Visual Studio 10.0\VC\include\stdio.h(234) : see declaration of 'fopen'
     1>c:\users\samar\onedrive\documents\visual studio 2010\projects\mylibraryapp\mylibraryapp\Other.h(1140): warning C4996: 'fopen': This function or variable may be unsafe. Consider using fopen_s instead. To disable deprecation, use _CRT_SECURE_NO_WARNINGS. See online help for details.
                 C:\Program Files (x86)\Microsoft Visual Studio 10.0\VC\include\stdio.h(234) : see declaration of 'fopen'
     1>c:\users\samar\onedrive\documents\visual studio 2010\projects\mylibraryapp\mylibraryapp\Other.h(1172): warning C4996: 'fopen': This function or variable may be unsafe. Consider using fopen_s instead. To disable deprecation, use _CRT_SECURE_NO_WARNINGS. See online help for details.
                 C:\Program Files (x86)\Microsoft Visual Studio 10.0\VC\include\stdio.h(234) : see declaration of 'fopen'
         Generating Code...
         All outputs are up-to-date.
       CoreResGen:
         No resources are out of date with respect to their source files. Skipping resource generation.
       ResourceCompile:
         All outputs are up-to-date.
       Link:
         C:\Program Files (x86)\Microsoft Visual Studio 10.0\VC\bin\link.exe /ERRORREPORT:PROMPT /OUT:"C:\Users\samar\OneDrive\Documents\Visual Studio 2010\Projects\MyLibraryApp\Debug\MyLibraryApp.exe" /INCREMENTAL /NOLOGO /ASSEMBLYRESOURCE:Debug\MyLibraryApp.Form1.resources /ASSEMBLYRESOURCE:Debug\MyLibraryApp.Form2.resources /ASSEMBLYRESOURCE:Debug\MyLibraryApp.Form31.resources /MANIFEST /ManifestFile:"Debug\MyLibraryApp.exe.intermediate.manifest" /MANIFESTUAC:"level='asInvoker' uiAccess='false'" /DEBUG /PDB:"C:\Users\samar\OneDrive\Documents\Visual Studio 2010\Projects\MyLibraryApp\Debug\MyLibraryApp.pdb" /ASSEMBLYDEBUG /SUBSYSTEM:WINDOWS /TLBID:1 /ENTRY:"main" /DYNAMICBASE /FIXED:NO /NXCOMPAT /MACHINE:X86 Debug\app.res
         Debug\AssemblyInfo.obj
         Debug\Form2.obj
         Debug\Form31.obj
         Debug\MyLibraryApp.obj
         Debug\Other.obj
         Debug\stdafx.obj
         "Debug\.NETFramework,Version=v4.0.AssemblyAttributes.obj"
         MyLibraryApp.vcxproj -> C:\Users\samar\OneDrive\Documents\Visual Studio 2010\Projects\MyLibraryApp\Debug\MyLibraryApp.exe
       Manifest:
         C:\Program Files (x86)\Microsoft SDKs\Windows\v7.0A\bin\mt.exe /nologo /verbose /outputresource:"C:\Users\samar\OneDrive\Documents\Visual Studio 2010\Projects\MyLibraryApp\Debug\MyLibraryApp.exe;#1" /manifest Debug\MyLibraryApp.exe.intermediate.manifest
       FinalizeBuildStatus:
         Deleting file "Debug\MyLibraryApp.unsuccessfulbuild".
         Touching "Debug\MyLibraryApp.lastbuildstate".
     1>Done Building Project "C:\Users\samar\OneDrive\Documents\Visual Studio 2010\Projects\MyLibraryApp\MyLibraryApp\MyLibraryApp.vcxproj" (build target(s)).

Build succeeded.

Time Elapsed 00:00:02.71
